
Controlla i dati inseriti -- 2025-01-27 15:17:28
Controlla i dati inseriti -- 2025-01-27 15:17:40
Controlla i dati inseriti -- 2025-01-27 15:20:33
Controlla i dati inseriti -- 2025-01-27 15:21:19
Controlla i dati inseriti -- 2025-01-27 18:11:47
Controlla i dati inseriti -- 2025-01-27 18:12:22
SQLSTATE[HY000] [2002] Impossibile stabilire la connessione. Rifiuto persistente del computer di destinazione -- 2025-01-30 08:50:09
Connessione al database non riuscita -- 2025-01-30 08:56:53
Connessione al database non riuscita -- 2025-01-30 08:57:23
Errore di connessione al database -- 2025-01-30 09:39:35
Errore di connessione al database -- 2025-01-30 09:39:47
Errore di connessione al database -- 2025-01-30 09:42:29
Errore di connessione al database -- 2025-01-30 09:45:42
Errore di connessione al database: SQLSTATE[HY000] [2002] Impossibile stabilire la connessione. Rifiuto persistente del computer di destinazione -- 2025-01-30 14:57:48
Controlla i dati inseriti -- 2025-01-30 15:52:55
Controlla i dati inseriti -- 2025-01-30 15:54:15
Errore di connessione al database: SQLSTATE[HY000] [2002] Impossibile stabilire la connessione. Rifiuto persistente del computer di destinazione -- 2025-01-30 15:59:21
Errore di connessione al database: SQLSTATE[HY000] [2002] Impossibile stabilire la connessione. Rifiuto persistente del computer di destinazione -- 2025-01-30 15:59:33
Controlla i dati inseriti -- 2025-01-30 16:04:13
Controlla i dati inseriti -- 2025-01-30 16:12:17
Controlla i dati inseriti -- 2025-01-30 16:12:45
Controlla i dati inseriti -- 2025-01-30 16:13:55
Controlla i dati inseriti -- 2025-01-30 16:14:31
Controlla i dati inseriti -- 2025-01-30 16:31:04
Errore di connessione al database: SQLSTATE[HY000] [2002] Impossibile stabilire la connessione. Rifiuto persistente del computer di destinazione -- 2025-01-30 16:39:48
Errore di connessione al database: SQLSTATE[HY000] [2002] Impossibile stabilire la connessione. Rifiuto persistente del computer di destinazione -- 2025-01-30 16:40:07
Errore di connessione al database: SQLSTATE[HY000] [2002] Impossibile stabilire la connessione. Rifiuto persistente del computer di destinazione -- 2025-01-30 16:42:50
Errore di connessione al database: SQLSTATE[HY000] [2002] Impossibile stabilire la connessione. Rifiuto persistente del computer di destinazione -- 2025-01-30 16:43:56
Errore di connessione al database: SQLSTATE[HY000] [2002] Impossibile stabilire la connessione. Rifiuto persistente del computer di destinazione -- 2025-01-30 16:48:21
Errore di connessione al database: SQLSTATE[HY000] [2002] Impossibile stabilire la connessione. Rifiuto persistente del computer di destinazione -- 2025-01-30 16:50:15
Errore di connessione al database: SQLSTATE[HY000] [2002] Impossibile stabilire la connessione. Rifiuto persistente del computer di destinazione -- 2025-01-30 16:51:02
Errore di connessione al database: SQLSTATE[HY000] [2002] Impossibile stabilire la connessione. Rifiuto persistente del computer di destinazione -- 2025-01-30 16:51:14
Errore di connessione al database: SQLSTATE[HY000] [2002] Impossibile stabilire la connessione. Rifiuto persistente del computer di destinazione -- 2025-02-03 16:09:01
Errore di connessione al database: SQLSTATE[HY000] [2002] Impossibile stabilire la connessione. Rifiuto persistente del computer di destinazione -- 2025-02-03 16:11:53
Errore di connessione al database: SQLSTATE[HY000] [2002] Impossibile stabilire la connessione. Rifiuto persistente del computer di destinazione -- 2025-02-03 16:12:02
Errore di connessione al database: SQLSTATE[HY000] [2002] Impossibile stabilire la connessione. Rifiuto persistente del computer di destinazione -- 2025-02-03 16:13:54
Errore di connessione al database: SQLSTATE[HY000] [2002] Impossibile stabilire la connessione. Rifiuto persistente del computer di destinazione -- 2025-02-03 16:15:01
Errore di connessione al database: SQLSTATE[HY000] [2002] Impossibile stabilire la connessione. Rifiuto persistente del computer di destinazione -- 2025-02-03 16:15:57
Errore di connessione al database: SQLSTATE[HY000] [2002] Impossibile stabilire la connessione. Rifiuto persistente del computer di destinazione -- 2025-02-03 16:16:53
Errore di connessione al database: SQLSTATE[HY000] [2002] Impossibile stabilire la connessione. Rifiuto persistente del computer di destinazione -- 2025-02-03 16:17:53
Errore di connessione al database: SQLSTATE[HY000] [2002] Impossibile stabilire la connessione. Rifiuto persistente del computer di destinazione -- 2025-02-03 16:20:00
Errore di connessione al database: SQLSTATE[HY000] [2002] Impossibile stabilire la connessione. Rifiuto persistente del computer di destinazione -- 2025-02-03 16:20:35
Errore di connessione al database: SQLSTATE[HY000] [2002] Impossibile stabilire la connessione. Rifiuto persistente del computer di destinazione -- 2025-02-03 16:20:47
Errore di connessione al database: SQLSTATE[HY000] [2002] Impossibile stabilire la connessione. Rifiuto persistente del computer di destinazione -- 2025-02-03 16:20:55
Controlla i dati inseriti -- 2025-02-03 16:21:13
Controlla i dati inseriti -- 2025-02-03 16:22:13
